Started GET "/" for ::1 at 2019-02-04 11:54:09 -0800
DEPRECATION WARNING: ActiveRecord::Base.raise_in_transactional_callbacks= is deprecated, has no effect and will be removed without replacement. (called from block (3 levels) in <class:Railtie> at /usr/local/var/rbenv/versions/2.5.0/lib/ruby/gems/2.5.0/gems/activerecord-5.0.7.1/lib/active_record/railtie.rb:113)
Processing by StaticPagesController#index as HTML
  Rendering static_pages/index.html.erb within layouts/application
  Rendered shared/_main_nav.html.erb (0.4ms)
  Rendered shared/_masthead.html.erb (0.4ms)
  Rendered shared/_sections_nav.html.erb (0.2ms)
  Rendered shared/_search_modal.html.erb (0.3ms)
  Rendered shared/_main_content.html.erb (0.2ms)
  Rendered static_pages/index.html.erb within layouts/application (15.4ms)
Completed 200 OK in 824ms (Views: 821.2ms | ActiveRecord: 0.0ms)


Started GET "/assets/application.self-2c5aaf40a4c4021759ce04ed2677d92848cc1c0d6e877e0e26d605dfb6ee3350.css?body=1" for ::1 at 2019-02-04 11:54:11 -0800
Started GET "/assets/jquery.self-bd7ddd393353a8d2480a622e80342adf488fb6006d667e8b42e4c0073393abee.js?body=1" for ::1 at 2019-02-04 11:54:11 -0800
Started GET "/assets/jquery_ujs.self-784a997f6726036b1993eb2217c9cb558e1cbb801c6da88105588c56f13b466a.js?body=1" for ::1 at 2019-02-04 11:54:11 -0800
Started GET "/assets/components/dropdown.self-815016af6fab1d5b72abd319213bf62f0c42bab2c585d2e059543ae704a0d74c.js?body=1" for ::1 at 2019-02-04 11:54:11 -0800
Started GET "/assets/components/sidebar.self-2a1277f850a6fa21e1a974ef5152f177ac05516477d5081d593bb137b3d6808b.js?body=1" for ::1 at 2019-02-04 11:54:11 -0800
Started GET "/assets/components/modal.self-52188644dbb47def5ee35ae02e69eb567ca9b664472357a8a5789dd39032a265.js?body=1" for ::1 at 2019-02-04 11:54:11 -0800
Started GET "/assets/application.self-f571b9db02bf4ed04c38a6a29072ac382f7d4f47db1fab9817aeadb0d8665235.js?body=1" for ::1 at 2019-02-04 11:54:11 -0800
Started GET "/assets/application.self-2c5aaf40a4c4021759ce04ed2677d92848cc1c0d6e877e0e26d605dfb6ee3350.css?body=1&livereload=1549310084770" for ::1 at 2019-02-04 11:54:44 -0800
Started GET "/assets/application.self-2c5aaf40a4c4021759ce04ed2677d92848cc1c0d6e877e0e26d605dfb6ee3350.css?body=1&livereload=1549310084773" for ::1 at 2019-02-04 11:54:44 -0800
Started GET "/assets/application.self-2c5aaf40a4c4021759ce04ed2677d92848cc1c0d6e877e0e26d605dfb6ee3350.css?body=1&livereload=1549310087001" for ::1 at 2019-02-04 11:54:47 -0800
Started GET "/assets/application.self-2c5aaf40a4c4021759ce04ed2677d92848cc1c0d6e877e0e26d605dfb6ee3350.css?body=1&livereload=1549310087002" for ::1 at 2019-02-04 11:54:47 -0800
Started GET "/assets/application.self-2c5aaf40a4c4021759ce04ed2677d92848cc1c0d6e877e0e26d605dfb6ee3350.css?body=1&livereload=1549310089140" for ::1 at 2019-02-04 11:54:49 -0800
Started GET "/assets/application.self-2c5aaf40a4c4021759ce04ed2677d92848cc1c0d6e877e0e26d605dfb6ee3350.css?body=1&livereload=1549310089140&livereload=1549310089140" for ::1 at 2019-02-04 11:54:49 -0800
Started GET "/assets/application.self-2c5aaf40a4c4021759ce04ed2677d92848cc1c0d6e877e0e26d605dfb6ee3350.css?body=1&livereload=1549310092102&livereload=1549310089140" for ::1 at 2019-02-04 11:54:52 -0800
Started GET "/assets/application.self-2c5aaf40a4c4021759ce04ed2677d92848cc1c0d6e877e0e26d605dfb6ee3350.css?body=1&livereload=1549310092101&livereload=1549310089140" for ::1 at 2019-02-04 11:54:52 -0800
Started GET "/assets/application.self-2c5aaf40a4c4021759ce04ed2677d92848cc1c0d6e877e0e26d605dfb6ee3350.css?body=1&livereload=1549310097952&livereload=1549310089140" for ::1 at 2019-02-04 11:54:57 -0800
Started GET "/assets/application.self-2c5aaf40a4c4021759ce04ed2677d92848cc1c0d6e877e0e26d605dfb6ee3350.css?body=1&livereload=1549310097953&livereload=1549310089140" for ::1 at 2019-02-04 11:54:57 -0800
Started GET "/assets/application.self-2c5aaf40a4c4021759ce04ed2677d92848cc1c0d6e877e0e26d605dfb6ee3350.css?body=1&livereload=1549310103424&livereload=1549310089140" for ::1 at 2019-02-04 11:55:03 -0800
Started GET "/assets/application.self-2c5aaf40a4c4021759ce04ed2677d92848cc1c0d6e877e0e26d605dfb6ee3350.css?body=1&livereload=1549310103423&livereload=1549310089140" for ::1 at 2019-02-04 11:55:03 -0800
Started GET "/assets/application.self-2c5aaf40a4c4021759ce04ed2677d92848cc1c0d6e877e0e26d605dfb6ee3350.css?body=1&livereload=1549310105644&livereload=1549310089140" for ::1 at 2019-02-04 11:55:05 -0800
Started GET "/assets/application.self-2c5aaf40a4c4021759ce04ed2677d92848cc1c0d6e877e0e26d605dfb6ee3350.css?body=1&livereload=1549310105646&livereload=1549310089140" for ::1 at 2019-02-04 11:55:05 -0800
Started GET "/assets/application.self-2c5aaf40a4c4021759ce04ed2677d92848cc1c0d6e877e0e26d605dfb6ee3350.css?body=1&livereload=1549310109718&livereload=1549310089140" for ::1 at 2019-02-04 11:55:09 -0800
Started GET "/assets/application.self-2c5aaf40a4c4021759ce04ed2677d92848cc1c0d6e877e0e26d605dfb6ee3350.css?body=1&livereload=1549310109719&livereload=1549310089140" for ::1 at 2019-02-04 11:55:09 -0800
Started GET "/assets/application.self-2c5aaf40a4c4021759ce04ed2677d92848cc1c0d6e877e0e26d605dfb6ee3350.css?body=1&livereload=1549310110740&livereload=1549310089140" for ::1 at 2019-02-04 11:55:10 -0800
Started GET "/assets/application.self-2c5aaf40a4c4021759ce04ed2677d92848cc1c0d6e877e0e26d605dfb6ee3350.css?body=1&livereload=1549310110741&livereload=1549310089140" for ::1 at 2019-02-04 11:55:10 -0800
Started GET "/assets/application.self-2c5aaf40a4c4021759ce04ed2677d92848cc1c0d6e877e0e26d605dfb6ee3350.css?body=1&livereload=1549310113527&livereload=1549310089140" for ::1 at 2019-02-04 11:55:13 -0800
Started GET "/assets/application.self-2c5aaf40a4c4021759ce04ed2677d92848cc1c0d6e877e0e26d605dfb6ee3350.css?body=1&livereload=1549310113526&livereload=1549310089140" for ::1 at 2019-02-04 11:55:13 -0800
Started GET "/assets/application.self-2c5aaf40a4c4021759ce04ed2677d92848cc1c0d6e877e0e26d605dfb6ee3350.css?body=1&livereload=1549310114735&livereload=1549310089140" for ::1 at 2019-02-04 11:55:14 -0800
Started GET "/assets/application.self-2c5aaf40a4c4021759ce04ed2677d92848cc1c0d6e877e0e26d605dfb6ee3350.css?body=1&livereload=1549310114737&livereload=1549310089140" for ::1 at 2019-02-04 11:55:14 -0800
Started GET "/assets/application.self-2c5aaf40a4c4021759ce04ed2677d92848cc1c0d6e877e0e26d605dfb6ee3350.css?body=1&livereload=1549310117331&livereload=1549310089140" for ::1 at 2019-02-04 11:55:17 -0800
Started GET "/assets/application.self-2c5aaf40a4c4021759ce04ed2677d92848cc1c0d6e877e0e26d605dfb6ee3350.css?body=1&livereload=1549310117332&livereload=1549310089140" for ::1 at 2019-02-04 11:55:17 -0800
Started GET "/assets/application.self-2c5aaf40a4c4021759ce04ed2677d92848cc1c0d6e877e0e26d605dfb6ee3350.css?body=1&livereload=1549310120012&livereload=1549310089140" for ::1 at 2019-02-04 11:55:20 -0800
Started GET "/assets/application.self-2c5aaf40a4c4021759ce04ed2677d92848cc1c0d6e877e0e26d605dfb6ee3350.css?body=1&livereload=1549310120013&livereload=1549310089140" for ::1 at 2019-02-04 11:55:20 -0800
Started GET "/assets/application.self-2c5aaf40a4c4021759ce04ed2677d92848cc1c0d6e877e0e26d605dfb6ee3350.css?body=1&livereload=1549310125386&livereload=1549310089140" for ::1 at 2019-02-04 11:55:25 -0800
Started GET "/assets/application.self-2c5aaf40a4c4021759ce04ed2677d92848cc1c0d6e877e0e26d605dfb6ee3350.css?body=1&livereload=1549310125386&livereload=1549310089140&livereload=1549310125386" for ::1 at 2019-02-04 11:55:25 -0800
Started GET "/assets/application.self-2c5aaf40a4c4021759ce04ed2677d92848cc1c0d6e877e0e26d605dfb6ee3350.css?body=1&livereload=1549310128358&livereload=1549310089140&livereload=1549310125386" for ::1 at 2019-02-04 11:55:28 -0800
Started GET "/assets/application.self-2c5aaf40a4c4021759ce04ed2677d92848cc1c0d6e877e0e26d605dfb6ee3350.css?body=1&livereload=1549310128360&livereload=1549310089140&livereload=1549310125386" for ::1 at 2019-02-04 11:55:28 -0800
Started GET "/" for ::1 at 2019-02-04 11:58:12 -0800
Processing by StaticPagesController#index as HTML
  Rendering static_pages/index.html.erb within layouts/application
  Rendered shared/_main_nav.html.erb (0.4ms)
  Rendered shared/_masthead.html.erb (0.5ms)
  Rendered shared/_sections_nav.html.erb (0.3ms)
  Rendered shared/_search_modal.html.erb (0.5ms)
  Rendered shared/_main_content.html.erb (0.3ms)
  Rendered static_pages/index.html.erb within layouts/application (17.3ms)
Completed 200 OK in 159ms (Views: 109.6ms | ActiveRecord: 0.0ms)


Started GET "/assets/application.self-d9564fcd463e0275ccf20eab1aeff359763b5113791699002bfffe677275e26a.css?body=1" for ::1 at 2019-02-04 11:58:12 -0800
Started GET "/" for ::1 at 2019-02-04 11:58:16 -0800
Processing by StaticPagesController#index as HTML
  Rendering static_pages/index.html.erb within layouts/application
  Rendered shared/_main_nav.html.erb (0.7ms)
  Rendered shared/_masthead.html.erb (0.4ms)
  Rendered shared/_sections_nav.html.erb (0.5ms)
  Rendered shared/_search_modal.html.erb (0.5ms)
  Rendered shared/_main_content.html.erb (0.4ms)
  Rendered static_pages/index.html.erb within layouts/application (18.6ms)
Completed 200 OK in 48ms (Views: 44.0ms | ActiveRecord: 0.0ms)


Started GET "/" for ::1 at 2019-02-04 11:58:18 -0800
Processing by StaticPagesController#index as HTML
  Rendering static_pages/index.html.erb within layouts/application
  Rendered shared/_main_nav.html.erb (0.4ms)
  Rendered shared/_masthead.html.erb (0.4ms)
  Rendered shared/_sections_nav.html.erb (0.4ms)
  Rendered shared/_search_modal.html.erb (0.3ms)
  Rendered shared/_main_content.html.erb (0.5ms)
  Rendered static_pages/index.html.erb within layouts/application (16.4ms)
Completed 200 OK in 41ms (Views: 38.7ms | ActiveRecord: 0.0ms)


Started GET "/" for ::1 at 2019-02-04 11:58:23 -0800
Processing by StaticPagesController#index as HTML
  Rendering static_pages/index.html.erb within layouts/application
  Rendered shared/_main_nav.html.erb (0.2ms)
  Rendered shared/_masthead.html.erb (0.6ms)
  Rendered shared/_sections_nav.html.erb (0.4ms)
  Rendered shared/_search_modal.html.erb (0.3ms)
  Rendered shared/_main_content.html.erb (0.2ms)
  Rendered static_pages/index.html.erb within layouts/application (14.1ms)
Completed 200 OK in 39ms (Views: 36.7ms | ActiveRecord: 0.0ms)


Started GET "/" for ::1 at 2019-02-04 11:58:28 -0800
Processing by StaticPagesController#index as HTML
  Rendering static_pages/index.html.erb within layouts/application
  Rendered shared/_main_nav.html.erb (0.6ms)
  Rendered shared/_masthead.html.erb (1.0ms)
  Rendered shared/_sections_nav.html.erb (0.4ms)
  Rendered shared/_search_modal.html.erb (0.6ms)
  Rendered shared/_main_content.html.erb (0.3ms)
  Rendered static_pages/index.html.erb within layouts/application (20.0ms)
Completed 200 OK in 54ms (Views: 50.0ms | ActiveRecord: 0.0ms)


Started GET "/" for ::1 at 2019-02-04 11:58:32 -0800
Processing by StaticPagesController#index as HTML
  Rendering static_pages/index.html.erb within layouts/application
  Rendered shared/_main_nav.html.erb (0.3ms)
  Rendered shared/_masthead.html.erb (0.5ms)
  Rendered shared/_sections_nav.html.erb (0.5ms)
  Rendered shared/_search_modal.html.erb (0.3ms)
  Rendered shared/_main_content.html.erb (0.3ms)
  Rendered static_pages/index.html.erb within layouts/application (16.6ms)
Completed 200 OK in 45ms (Views: 41.0ms | ActiveRecord: 0.0ms)


Started GET "/" for ::1 at 2019-02-04 11:58:34 -0800
Processing by StaticPagesController#index as HTML
  Rendering static_pages/index.html.erb within layouts/application
  Rendered shared/_main_nav.html.erb (0.4ms)
  Rendered shared/_masthead.html.erb (0.6ms)
  Rendered shared/_sections_nav.html.erb (0.6ms)
  Rendered shared/_search_modal.html.erb (0.5ms)
  Rendered shared/_main_content.html.erb (0.3ms)
  Rendered static_pages/index.html.erb within layouts/application (16.3ms)
Completed 200 OK in 43ms (Views: 40.6ms | ActiveRecord: 0.0ms)


Started GET "/" for ::1 at 2019-02-04 11:58:41 -0800
Processing by StaticPagesController#index as HTML
  Rendering static_pages/index.html.erb within layouts/application
  Rendered shared/_main_nav.html.erb (0.7ms)
  Rendered shared/_masthead.html.erb (0.3ms)
  Rendered shared/_sections_nav.html.erb (0.3ms)
  Rendered shared/_search_modal.html.erb (0.4ms)
  Rendered shared/_main_content.html.erb (0.3ms)
  Rendered static_pages/index.html.erb within layouts/application (15.6ms)
Completed 200 OK in 42ms (Views: 38.0ms | ActiveRecord: 0.0ms)


Started GET "/" for ::1 at 2019-02-04 11:59:33 -0800
Processing by StaticPagesController#index as HTML
  Rendering static_pages/index.html.erb within layouts/application
  Rendered shared/_main_nav.html.erb (0.5ms)
  Rendered shared/_masthead.html.erb (0.5ms)
  Rendered shared/_sections_nav.html.erb (0.3ms)
  Rendered shared/_search_modal.html.erb (0.3ms)
  Rendered shared/_main_content.html.erb (0.2ms)
  Rendered static_pages/index.html.erb within layouts/application (26.5ms)
Completed 200 OK in 153ms (Views: 135.3ms | ActiveRecord: 0.0ms)


Started GET "/" for ::1 at 2019-02-04 11:59:55 -0800
Processing by StaticPagesController#index as HTML
  Rendering static_pages/index.html.erb within layouts/application
  Rendered shared/_main_nav.html.erb (0.6ms)
  Rendered shared/_masthead.html.erb (0.4ms)
  Rendered shared/_sections_nav.html.erb (0.3ms)
  Rendered shared/_search_modal.html.erb (0.3ms)
  Rendered shared/_main_content.html.erb (0.3ms)
  Rendered static_pages/index.html.erb within layouts/application (15.7ms)
Completed 200 OK in 163ms (Views: 114.7ms | ActiveRecord: 0.0ms)


Started GET "/" for ::1 at 2019-02-04 11:59:58 -0800
Processing by StaticPagesController#index as HTML
  Rendering static_pages/index.html.erb within layouts/application
  Rendered shared/_main_nav.html.erb (1.0ms)
  Rendered shared/_masthead.html.erb (0.4ms)
  Rendered shared/_sections_nav.html.erb (0.3ms)
  Rendered shared/_search_modal.html.erb (0.6ms)
  Rendered shared/_main_content.html.erb (0.4ms)
  Rendered static_pages/index.html.erb within layouts/application (17.2ms)
Completed 200 OK in 47ms (Views: 43.7ms | ActiveRecord: 0.0ms)


Started GET "/" for ::1 at 2019-02-04 12:00:02 -0800
Processing by StaticPagesController#index as HTML
  Rendering static_pages/index.html.erb within layouts/application
  Rendered shared/_main_nav.html.erb (0.5ms)
  Rendered shared/_masthead.html.erb (0.3ms)
  Rendered shared/_sections_nav.html.erb (0.3ms)
  Rendered shared/_search_modal.html.erb (0.5ms)
  Rendered shared/_main_content.html.erb (0.2ms)
  Rendered static_pages/index.html.erb within layouts/application (28.3ms)
Completed 200 OK in 57ms (Views: 54.3ms | ActiveRecord: 0.0ms)


Started GET "/" for ::1 at 2019-02-04 12:00:03 -0800
Processing by StaticPagesController#index as HTML
  Rendering static_pages/index.html.erb within layouts/application
  Rendered shared/_main_nav.html.erb (0.3ms)
  Rendered shared/_masthead.html.erb (0.5ms)
  Rendered shared/_sections_nav.html.erb (0.4ms)
  Rendered shared/_search_modal.html.erb (0.4ms)
  Rendered shared/_main_content.html.erb (0.5ms)
  Rendered static_pages/index.html.erb within layouts/application (15.9ms)
Completed 200 OK in 45ms (Views: 41.1ms | ActiveRecord: 0.0ms)


Started GET "/" for ::1 at 2019-02-04 12:00:22 -0800
Processing by StaticPagesController#index as HTML
  Rendering static_pages/index.html.erb within layouts/application
  Rendered shared/_main_nav.html.erb (0.6ms)
  Rendered shared/_masthead.html.erb (0.6ms)
  Rendered shared/_sections_nav.html.erb (0.7ms)
  Rendered shared/_search_modal.html.erb (0.4ms)
  Rendered shared/_main_content.html.erb (0.3ms)
  Rendered static_pages/index.html.erb within layouts/application (17.5ms)
Completed 200 OK in 49ms (Views: 45.1ms | ActiveRecord: 0.0ms)


Started GET "/" for ::1 at 2019-02-04 12:00:25 -0800
Processing by StaticPagesController#index as HTML
  Rendering static_pages/index.html.erb within layouts/application
  Rendered shared/_main_nav.html.erb (0.4ms)
  Rendered shared/_masthead.html.erb (0.5ms)
  Rendered shared/_sections_nav.html.erb (0.3ms)
  Rendered shared/_search_modal.html.erb (0.4ms)
  Rendered shared/_main_content.html.erb (0.5ms)
  Rendered static_pages/index.html.erb within layouts/application (16.6ms)
Completed 200 OK in 44ms (Views: 40.6ms | ActiveRecord: 0.0ms)


Started GET "/" for ::1 at 2019-02-04 12:01:46 -0800
Processing by StaticPagesController#index as HTML
  Rendering static_pages/index.html.erb within layouts/application
  Rendered shared/_main_nav.html.erb (0.7ms)
  Rendered shared/_masthead.html.erb (0.3ms)
  Rendered shared/_sections_nav.html.erb (0.4ms)
  Rendered shared/_search_modal.html.erb (0.2ms)
  Rendered shared/_main_content.html.erb (0.2ms)
  Rendered static_pages/index.html.erb within layouts/application (14.0ms)
Completed 200 OK in 121ms (Views: 102.4ms | ActiveRecord: 0.0ms)


Started GET "/" for ::1 at 2019-02-04 12:01:49 -0800
Processing by StaticPagesController#index as HTML
  Rendering static_pages/index.html.erb within layouts/application
  Rendered shared/_main_nav.html.erb (0.4ms)
  Rendered shared/_masthead.html.erb (0.4ms)
  Rendered shared/_sections_nav.html.erb (0.7ms)
  Rendered shared/_search_modal.html.erb (0.4ms)
  Rendered shared/_main_content.html.erb (0.3ms)
  Rendered static_pages/index.html.erb within layouts/application (19.0ms)
Completed 200 OK in 47ms (Views: 44.2ms | ActiveRecord: 0.0ms)


Started GET "/" for ::1 at 2019-02-04 12:01:54 -0800
Processing by StaticPagesController#index as HTML
  Rendering static_pages/index.html.erb within layouts/application
  Rendered shared/_main_nav.html.erb (0.6ms)
  Rendered shared/_masthead.html.erb (0.4ms)
  Rendered shared/_sections_nav.html.erb (0.6ms)
  Rendered shared/_search_modal.html.erb (0.5ms)
  Rendered shared/_main_content.html.erb (0.4ms)
  Rendered static_pages/index.html.erb within layouts/application (17.9ms)
Completed 200 OK in 45ms (Views: 42.5ms | ActiveRecord: 0.0ms)


Started GET "/" for ::1 at 2019-02-04 12:02:35 -0800
Processing by StaticPagesController#index as HTML
  Rendering static_pages/index.html.erb within layouts/application
  Rendered shared/_main_nav.html.erb (0.5ms)
  Rendered shared/_masthead.html.erb (0.3ms)
  Rendered shared/_sections_nav.html.erb (0.3ms)
  Rendered shared/_search_modal.html.erb (0.4ms)
  Rendered shared/_main_content.html.erb (0.3ms)
  Rendered static_pages/index.html.erb within layouts/application (14.3ms)
Completed 200 OK in 133ms (Views: 113.7ms | ActiveRecord: 0.0ms)


Started GET "/" for ::1 at 2019-02-04 12:02:43 -0800
Processing by StaticPagesController#index as HTML
  Rendering static_pages/index.html.erb within layouts/application
  Rendered shared/_main_nav.html.erb (0.7ms)
  Rendered shared/_masthead.html.erb (0.6ms)
  Rendered shared/_sections_nav.html.erb (0.6ms)
  Rendered shared/_search_modal.html.erb (0.4ms)
  Rendered shared/_main_content.html.erb (0.6ms)
  Rendered static_pages/index.html.erb within layouts/application (19.5ms)
Completed 200 OK in 59ms (Views: 56.4ms | ActiveRecord: 0.0ms)


Started GET "/" for ::1 at 2019-02-04 12:02:47 -0800
Processing by StaticPagesController#index as HTML
  Rendering static_pages/index.html.erb within layouts/application
  Rendered shared/_main_nav.html.erb (0.4ms)
  Rendered shared/_masthead.html.erb (0.4ms)
  Rendered shared/_sections_nav.html.erb (0.4ms)
  Rendered shared/_search_modal.html.erb (0.3ms)
  Rendered shared/_main_content.html.erb (0.3ms)
  Rendered static_pages/index.html.erb within layouts/application (15.5ms)
Completed 200 OK in 47ms (Views: 44.6ms | ActiveRecord: 0.0ms)


Started GET "/" for ::1 at 2019-02-04 12:02:53 -0800
Processing by StaticPagesController#index as HTML
  Rendering static_pages/index.html.erb within layouts/application
  Rendered shared/_main_nav.html.erb (0.8ms)
  Rendered shared/_masthead.html.erb (0.6ms)
  Rendered shared/_sections_nav.html.erb (0.5ms)
  Rendered shared/_search_modal.html.erb (0.4ms)
  Rendered shared/_main_content.html.erb (0.6ms)
  Rendered static_pages/index.html.erb within layouts/application (18.6ms)
Completed 200 OK in 53ms (Views: 48.8ms | ActiveRecord: 0.0ms)


Started GET "/" for ::1 at 2019-02-04 12:02:59 -0800
Processing by StaticPagesController#index as HTML
  Rendering static_pages/index.html.erb within layouts/application
  Rendered shared/_main_nav.html.erb (0.6ms)
  Rendered shared/_masthead.html.erb (0.5ms)
  Rendered shared/_sections_nav.html.erb (0.5ms)
  Rendered shared/_search_modal.html.erb (0.5ms)
  Rendered shared/_main_content.html.erb (0.3ms)
  Rendered static_pages/index.html.erb within layouts/application (17.8ms)
Completed 200 OK in 49ms (Views: 45.7ms | ActiveRecord: 0.0ms)


Started GET "/" for ::1 at 2019-02-04 12:03:00 -0800
Processing by StaticPagesController#index as HTML
  Rendering static_pages/index.html.erb within layouts/application
  Rendered shared/_main_nav.html.erb (0.5ms)
  Rendered shared/_masthead.html.erb (0.4ms)
  Rendered shared/_sections_nav.html.erb (0.5ms)
  Rendered shared/_search_modal.html.erb (0.4ms)
  Rendered shared/_main_content.html.erb (0.4ms)
  Rendered static_pages/index.html.erb within layouts/application (14.8ms)
Completed 200 OK in 47ms (Views: 44.6ms | ActiveRecord: 0.0ms)


Started GET "/" for ::1 at 2019-02-04 12:03:05 -0800
Processing by StaticPagesController#index as HTML
  Rendering static_pages/index.html.erb within layouts/application
  Rendered shared/_main_nav.html.erb (0.5ms)
  Rendered shared/_masthead.html.erb (0.4ms)
  Rendered shared/_sections_nav.html.erb (0.6ms)
  Rendered shared/_search_modal.html.erb (0.9ms)
  Rendered shared/_main_content.html.erb (0.4ms)
  Rendered static_pages/index.html.erb within layouts/application (16.6ms)
Completed 200 OK in 51ms (Views: 48.3ms | ActiveRecord: 0.0ms)


Started GET "/" for ::1 at 2019-02-04 12:03:08 -0800
Processing by StaticPagesController#index as HTML
  Rendering static_pages/index.html.erb within layouts/application
  Rendered shared/_main_nav.html.erb (0.7ms)
  Rendered shared/_masthead.html.erb (0.5ms)
  Rendered shared/_sections_nav.html.erb (0.5ms)
  Rendered shared/_search_modal.html.erb (0.3ms)
  Rendered shared/_main_content.html.erb (0.2ms)
  Rendered static_pages/index.html.erb within layouts/application (14.9ms)
Completed 200 OK in 54ms (Views: 50.8ms | ActiveRecord: 0.0ms)


Started GET "/" for ::1 at 2019-02-04 12:03:14 -0800
Processing by StaticPagesController#index as HTML
  Rendering static_pages/index.html.erb within layouts/application
  Rendered shared/_main_nav.html.erb (10.1ms)
  Rendered shared/_masthead.html.erb (0.3ms)
  Rendered shared/_sections_nav.html.erb (0.3ms)
  Rendered shared/_search_modal.html.erb (0.2ms)
  Rendered shared/_main_content.html.erb (0.4ms)
  Rendered static_pages/index.html.erb within layouts/application (22.7ms)
Completed 200 OK in 50ms (Views: 47.2ms | ActiveRecord: 0.0ms)


Started GET "/" for ::1 at 2019-02-04 12:03:23 -0800
Processing by StaticPagesController#index as HTML
  Rendering static_pages/index.html.erb within layouts/application
  Rendered shared/_main_nav.html.erb (0.5ms)
  Rendered shared/_masthead.html.erb (0.4ms)
  Rendered shared/_sections_nav.html.erb (0.6ms)
  Rendered shared/_search_modal.html.erb (0.4ms)
  Rendered shared/_main_content.html.erb (0.4ms)
  Rendered static_pages/index.html.erb within layouts/application (16.2ms)
Completed 200 OK in 43ms (Views: 40.1ms | ActiveRecord: 0.0ms)


Started GET "/" for ::1 at 2019-02-04 12:04:01 -0800
Processing by StaticPagesController#index as HTML
  Rendering static_pages/index.html.erb within layouts/application
  Rendered shared/_main_nav.html.erb (0.4ms)
  Rendered shared/_masthead.html.erb (0.4ms)
  Rendered shared/_sections_nav.html.erb (0.6ms)
  Rendered shared/_search_modal.html.erb (0.6ms)
  Rendered shared/_main_content.html.erb (0.3ms)
  Rendered static_pages/index.html.erb within layouts/application (17.6ms)
Completed 200 OK in 55ms (Views: 50.8ms | ActiveRecord: 0.0ms)


Started GET "/" for ::1 at 2019-02-04 12:04:04 -0800
Processing by StaticPagesController#index as HTML
  Rendering static_pages/index.html.erb within layouts/application
  Rendered shared/_main_nav.html.erb (0.4ms)
  Rendered shared/_masthead.html.erb (0.4ms)
  Rendered shared/_sections_nav.html.erb (0.4ms)
  Rendered shared/_search_modal.html.erb (0.4ms)
  Rendered shared/_main_content.html.erb (0.4ms)
  Rendered static_pages/index.html.erb within layouts/application (15.3ms)
Completed 200 OK in 40ms (Views: 37.6ms | ActiveRecord: 0.0ms)


Started GET "/" for ::1 at 2019-02-04 12:04:07 -0800
Processing by StaticPagesController#index as HTML
  Rendering static_pages/index.html.erb within layouts/application
  Rendered shared/_main_nav.html.erb (0.7ms)
  Rendered shared/_masthead.html.erb (0.3ms)
  Rendered shared/_sections_nav.html.erb (0.5ms)
  Rendered shared/_search_modal.html.erb (0.5ms)
  Rendered shared/_main_content.html.erb (0.3ms)
  Rendered static_pages/index.html.erb within layouts/application (16.4ms)
Completed 200 OK in 42ms (Views: 38.2ms | ActiveRecord: 0.0ms)


Started GET "/" for ::1 at 2019-02-04 12:04:10 -0800
Processing by StaticPagesController#index as HTML
  Rendering static_pages/index.html.erb within layouts/application
  Rendered shared/_main_nav.html.erb (0.7ms)
  Rendered shared/_masthead.html.erb (0.7ms)
  Rendered shared/_sections_nav.html.erb (0.5ms)
  Rendered shared/_search_modal.html.erb (0.6ms)
  Rendered shared/_main_content.html.erb (0.5ms)
  Rendered static_pages/index.html.erb within layouts/application (24.2ms)
Completed 200 OK in 66ms (Views: 62.3ms | ActiveRecord: 0.0ms)


Started GET "/" for ::1 at 2019-02-04 12:04:16 -0800
Processing by StaticPagesController#index as HTML
  Rendering static_pages/index.html.erb within layouts/application
  Rendered shared/_main_nav.html.erb (0.7ms)
  Rendered shared/_masthead.html.erb (0.5ms)
  Rendered shared/_sections_nav.html.erb (0.4ms)
  Rendered shared/_search_modal.html.erb (0.4ms)
  Rendered shared/_main_content.html.erb (0.4ms)
  Rendered static_pages/index.html.erb within layouts/application (17.8ms)
Completed 200 OK in 44ms (Views: 40.0ms | ActiveRecord: 0.0ms)


Started GET "/" for ::1 at 2019-02-04 12:04:18 -0800
Processing by StaticPagesController#index as HTML
  Rendering static_pages/index.html.erb within layouts/application
  Rendered shared/_main_nav.html.erb (0.4ms)
  Rendered shared/_masthead.html.erb (0.6ms)
  Rendered shared/_sections_nav.html.erb (0.4ms)
  Rendered shared/_search_modal.html.erb (0.6ms)
  Rendered shared/_main_content.html.erb (0.4ms)
  Rendered static_pages/index.html.erb within layouts/application (17.3ms)
Completed 200 OK in 51ms (Views: 47.9ms | ActiveRecord: 0.0ms)


Started GET "/" for ::1 at 2019-02-04 12:04:21 -0800
Processing by StaticPagesController#index as HTML
  Rendering static_pages/index.html.erb within layouts/application
  Rendered shared/_main_nav.html.erb (0.4ms)
  Rendered shared/_masthead.html.erb (0.3ms)
  Rendered shared/_sections_nav.html.erb (0.4ms)
  Rendered shared/_search_modal.html.erb (0.4ms)
  Rendered shared/_main_content.html.erb (0.5ms)
  Rendered static_pages/index.html.erb within layouts/application (15.4ms)
Completed 200 OK in 40ms (Views: 37.0ms | ActiveRecord: 0.0ms)


Started GET "/" for ::1 at 2019-02-04 12:04:23 -0800
Processing by StaticPagesController#index as HTML
  Rendering static_pages/index.html.erb within layouts/application
  Rendered shared/_main_nav.html.erb (0.5ms)
  Rendered shared/_masthead.html.erb (0.5ms)
  Rendered shared/_sections_nav.html.erb (0.6ms)
  Rendered shared/_search_modal.html.erb (0.5ms)
  Rendered shared/_main_content.html.erb (0.4ms)
  Rendered static_pages/index.html.erb within layouts/application (16.3ms)
Completed 200 OK in 41ms (Views: 37.1ms | ActiveRecord: 0.0ms)


Started GET "/" for ::1 at 2019-02-04 12:04:42 -0800
Processing by StaticPagesController#index as HTML
  Rendering static_pages/index.html.erb within layouts/application
  Rendered shared/_main_nav.html.erb (0.6ms)
  Rendered shared/_masthead.html.erb (0.3ms)
  Rendered shared/_sections_nav.html.erb (0.3ms)
  Rendered shared/_search_modal.html.erb (0.6ms)
  Rendered shared/_main_content.html.erb (0.5ms)
  Rendered static_pages/index.html.erb within layouts/application (16.7ms)
Completed 200 OK in 47ms (Views: 43.7ms | ActiveRecord: 0.0ms)


Started GET "/" for ::1 at 2019-02-04 12:04:45 -0800
Processing by StaticPagesController#index as HTML
  Rendering static_pages/index.html.erb within layouts/application
  Rendered shared/_main_nav.html.erb (0.5ms)
  Rendered shared/_masthead.html.erb (0.5ms)
  Rendered shared/_sections_nav.html.erb (0.6ms)
  Rendered shared/_search_modal.html.erb (0.3ms)
  Rendered shared/_main_content.html.erb (0.3ms)
  Rendered static_pages/index.html.erb within layouts/application (17.6ms)
Completed 200 OK in 44ms (Views: 40.9ms | ActiveRecord: 0.0ms)


Started GET "/" for ::1 at 2019-02-04 12:05:52 -0800
Processing by StaticPagesController#index as HTML
  Rendering static_pages/index.html.erb within layouts/application
  Rendered shared/_main_nav.html.erb (0.7ms)
  Rendered shared/_masthead.html.erb (1.0ms)
  Rendered shared/_sections_nav.html.erb (0.7ms)
  Rendered shared/_search_modal.html.erb (1.2ms)
  Rendered shared/_main_content.html.erb (0.9ms)
  Rendered static_pages/index.html.erb within layouts/application (31.7ms)
Completed 200 OK in 169ms (Views: 146.3ms | ActiveRecord: 0.0ms)


Started GET "/" for ::1 at 2019-02-04 12:05:53 -0800
Processing by StaticPagesController#index as HTML
  Rendering static_pages/index.html.erb within layouts/application
  Rendered shared/_main_nav.html.erb (0.5ms)
  Rendered shared/_masthead.html.erb (0.4ms)
  Rendered shared/_sections_nav.html.erb (0.2ms)
  Rendered shared/_search_modal.html.erb (0.4ms)
  Rendered shared/_main_content.html.erb (0.5ms)
  Rendered static_pages/index.html.erb within layouts/application (14.9ms)
Completed 200 OK in 47ms (Views: 43.6ms | ActiveRecord: 0.0ms)


Started GET "/" for ::1 at 2019-02-04 12:06:04 -0800
Processing by StaticPagesController#index as HTML
  Rendering static_pages/index.html.erb within layouts/application
  Rendered shared/_main_nav.html.erb (0.4ms)
  Rendered shared/_masthead.html.erb (0.4ms)
  Rendered shared/_sections_nav.html.erb (0.8ms)
  Rendered shared/_search_modal.html.erb (0.9ms)
  Rendered shared/_main_content.html.erb (0.3ms)
  Rendered static_pages/index.html.erb within layouts/application (17.0ms)
Completed 200 OK in 56ms (Views: 53.3ms | ActiveRecord: 0.0ms)


Started GET "/" for ::1 at 2019-02-04 12:06:06 -0800
Processing by StaticPagesController#index as HTML
  Rendering static_pages/index.html.erb within layouts/application
  Rendered shared/_main_nav.html.erb (0.5ms)
  Rendered shared/_masthead.html.erb (0.5ms)
  Rendered shared/_sections_nav.html.erb (0.5ms)
  Rendered shared/_search_modal.html.erb (0.3ms)
  Rendered shared/_main_content.html.erb (0.5ms)
  Rendered static_pages/index.html.erb within layouts/application (15.2ms)
Completed 200 OK in 43ms (Views: 39.2ms | ActiveRecord: 0.0ms)


Started GET "/" for ::1 at 2019-02-04 12:06:15 -0800
Processing by StaticPagesController#index as HTML
  Rendering static_pages/index.html.erb within layouts/application
  Rendered shared/_main_nav.html.erb (0.3ms)
  Rendered shared/_masthead.html.erb (0.5ms)
  Rendered shared/_sections_nav.html.erb (0.6ms)
  Rendered shared/_search_modal.html.erb (0.5ms)
  Rendered shared/_main_content.html.erb (0.3ms)
  Rendered static_pages/index.html.erb within layouts/application (16.0ms)
Completed 200 OK in 48ms (Views: 42.8ms | ActiveRecord: 0.0ms)


Started GET "/" for ::1 at 2019-02-04 12:06:23 -0800
Processing by StaticPagesController#index as HTML
  Rendering static_pages/index.html.erb within layouts/application
  Rendered shared/_main_nav.html.erb (0.4ms)
  Rendered shared/_masthead.html.erb (0.5ms)
  Rendered shared/_sections_nav.html.erb (0.4ms)
  Rendered shared/_search_modal.html.erb (0.5ms)
  Rendered shared/_main_content.html.erb (0.4ms)
  Rendered static_pages/index.html.erb within layouts/application (16.3ms)
Completed 200 OK in 44ms (Views: 40.5ms | ActiveRecord: 0.0ms)


Started GET "/" for ::1 at 2019-02-04 12:06:26 -0800
Processing by StaticPagesController#index as HTML
  Rendering static_pages/index.html.erb within layouts/application
  Rendered shared/_main_nav.html.erb (0.4ms)
  Rendered shared/_masthead.html.erb (0.5ms)
  Rendered shared/_sections_nav.html.erb (0.6ms)
  Rendered shared/_search_modal.html.erb (0.2ms)
  Rendered shared/_main_content.html.erb (0.4ms)
  Rendered static_pages/index.html.erb within layouts/application (15.6ms)
Completed 200 OK in 40ms (Views: 36.7ms | ActiveRecord: 0.0ms)


Started GET "/" for ::1 at 2019-02-04 12:06:32 -0800
Processing by StaticPagesController#index as HTML
  Rendering static_pages/index.html.erb within layouts/application
  Rendered shared/_main_nav.html.erb (0.4ms)
  Rendered shared/_masthead.html.erb (0.4ms)
  Rendered shared/_sections_nav.html.erb (0.4ms)
  Rendered shared/_search_modal.html.erb (0.4ms)
  Rendered shared/_main_content.html.erb (0.3ms)
  Rendered static_pages/index.html.erb within layouts/application (18.4ms)
Completed 200 OK in 48ms (Views: 45.0ms | ActiveRecord: 0.0ms)


Started GET "/" for ::1 at 2019-02-04 12:06:35 -0800
Processing by StaticPagesController#index as HTML
  Rendering static_pages/index.html.erb within layouts/application
  Rendered shared/_main_nav.html.erb (0.4ms)
  Rendered shared/_masthead.html.erb (0.4ms)
  Rendered shared/_sections_nav.html.erb (0.4ms)
  Rendered shared/_search_modal.html.erb (0.7ms)
  Rendered shared/_main_content.html.erb (0.8ms)
  Rendered static_pages/index.html.erb within layouts/application (15.2ms)
Completed 200 OK in 42ms (Views: 39.0ms | ActiveRecord: 0.0ms)


Started GET "/" for ::1 at 2019-02-04 12:06:36 -0800
Processing by StaticPagesController#index as HTML
  Rendering static_pages/index.html.erb within layouts/application
  Rendered shared/_main_nav.html.erb (0.4ms)
  Rendered shared/_masthead.html.erb (0.4ms)
  Rendered shared/_sections_nav.html.erb (0.5ms)
  Rendered shared/_search_modal.html.erb (0.4ms)
  Rendered shared/_main_content.html.erb (0.5ms)
  Rendered static_pages/index.html.erb within layouts/application (18.8ms)
Completed 200 OK in 49ms (Views: 45.6ms | ActiveRecord: 0.0ms)


Started GET "/" for ::1 at 2019-02-04 12:06:37 -0800
Processing by StaticPagesController#index as HTML
  Rendering static_pages/index.html.erb within layouts/application
  Rendered shared/_main_nav.html.erb (0.4ms)
  Rendered shared/_masthead.html.erb (0.4ms)
  Rendered shared/_sections_nav.html.erb (0.3ms)
  Rendered shared/_search_modal.html.erb (0.2ms)
  Rendered shared/_main_content.html.erb (0.7ms)
  Rendered static_pages/index.html.erb within layouts/application (14.8ms)
Completed 200 OK in 40ms (Views: 37.3ms | ActiveRecord: 0.0ms)


